[logfiles]
ParallelRoot : logs/top/top.log00 
top : logs/top/top.log53 
cinta : logs/top/top.log01 
cinta(0,0) : logs/top/top.log02 
cinta(0,1) : logs/top/top.log03 
cinta(0,2) : logs/top/top.log04 
cinta(0,3) : logs/top/top.log05 
cinta(0,4) : logs/top/top.log06 
cinta(0,5) : logs/top/top.log07 
inventario : logs/top/top.log08 
inventario(0,0) : logs/top/top.log09 
inventario(0,1) : logs/top/top.log10 
inventario(0,2) : logs/top/top.log11 
inventario(0,3) : logs/top/top.log12 
inventario(0,4) : logs/top/top.log13 
inventario(0,5) : logs/top/top.log14 
inventario(1,0) : logs/top/top.log15 
inventario(1,1) : logs/top/top.log16 
inventario(1,2) : logs/top/top.log17 
inventario(1,3) : logs/top/top.log18 
inventario(1,4) : logs/top/top.log19 
inventario(1,5) : logs/top/top.log20 
inventario(2,0) : logs/top/top.log21 
inventario(2,1) : logs/top/top.log22 
inventario(2,2) : logs/top/top.log23 
inventario(2,3) : logs/top/top.log24 
inventario(2,4) : logs/top/top.log25 
inventario(2,5) : logs/top/top.log26 
inventario(3,0) : logs/top/top.log27 
inventario(3,1) : logs/top/top.log28 
inventario(3,2) : logs/top/top.log29 
inventario(3,3) : logs/top/top.log30 
inventario(3,4) : logs/top/top.log31 
inventario(3,5) : logs/top/top.log32 
inventario(4,0) : logs/top/top.log33 
inventario(4,1) : logs/top/top.log34 
inventario(4,2) : logs/top/top.log35 
inventario(4,3) : logs/top/top.log36 
inventario(4,4) : logs/top/top.log37 
inventario(4,5) : logs/top/top.log38 
inventario(5,0) : logs/top/top.log39 
inventario(5,1) : logs/top/top.log40 
inventario(5,2) : logs/top/top.log41 
inventario(5,3) : logs/top/top.log42 
inventario(5,4) : logs/top/top.log43 
inventario(5,5) : logs/top/top.log44 
despacho : logs/top/top.log45 
despacho(0,0) : logs/top/top.log46 
despacho(0,1) : logs/top/top.log47 
despacho(0,2) : logs/top/top.log48 
despacho(0,3) : logs/top/top.log49 
despacho(0,4) : logs/top/top.log50 
despacho(0,5) : logs/top/top.log51 
despacho(0,6) : logs/top/top.log52 
