[logfiles]
ParallelRoot : ./logs/top/topModel.log00 
top : ./logs/top/topModel.log53 
cinta : ./logs/top/topModel.log01 
cinta(0,0) : ./logs/top/topModel.log02 
cinta(0,1) : ./logs/top/topModel.log03 
cinta(0,2) : ./logs/top/topModel.log04 
cinta(0,3) : ./logs/top/topModel.log05 
cinta(0,4) : ./logs/top/topModel.log06 
cinta(0,5) : ./logs/top/topModel.log07 
inventario : ./logs/top/topModel.log08 
inventario(0,0) : ./logs/top/topModel.log09 
inventario(0,1) : ./logs/top/topModel.log10 
inventario(0,2) : ./logs/top/topModel.log11 
inventario(0,3) : ./logs/top/topModel.log12 
inventario(0,4) : ./logs/top/topModel.log13 
inventario(0,5) : ./logs/top/topModel.log14 
inventario(1,0) : ./logs/top/topModel.log15 
inventario(1,1) : ./logs/top/topModel.log16 
inventario(1,2) : ./logs/top/topModel.log17 
inventario(1,3) : ./logs/top/topModel.log18 
inventario(1,4) : ./logs/top/topModel.log19 
inventario(1,5) : ./logs/top/topModel.log20 
inventario(2,0) : ./logs/top/topModel.log21 
inventario(2,1) : ./logs/top/topModel.log22 
inventario(2,2) : ./logs/top/topModel.log23 
inventario(2,3) : ./logs/top/topModel.log24 
inventario(2,4) : ./logs/top/topModel.log25 
inventario(2,5) : ./logs/top/topModel.log26 
inventario(3,0) : ./logs/top/topModel.log27 
inventario(3,1) : ./logs/top/topModel.log28 
inventario(3,2) : ./logs/top/topModel.log29 
inventario(3,3) : ./logs/top/topModel.log30 
inventario(3,4) : ./logs/top/topModel.log31 
inventario(3,5) : ./logs/top/topModel.log32 
inventario(4,0) : ./logs/top/topModel.log33 
inventario(4,1) : ./logs/top/topModel.log34 
inventario(4,2) : ./logs/top/topModel.log35 
inventario(4,3) : ./logs/top/topModel.log36 
inventario(4,4) : ./logs/top/topModel.log37 
inventario(4,5) : ./logs/top/topModel.log38 
inventario(5,0) : ./logs/top/topModel.log39 
inventario(5,1) : ./logs/top/topModel.log40 
inventario(5,2) : ./logs/top/topModel.log41 
inventario(5,3) : ./logs/top/topModel.log42 
inventario(5,4) : ./logs/top/topModel.log43 
inventario(5,5) : ./logs/top/topModel.log44 
despacho : ./logs/top/topModel.log45 
despacho(0,0) : ./logs/top/topModel.log46 
despacho(0,1) : ./logs/top/topModel.log47 
despacho(0,2) : ./logs/top/topModel.log48 
despacho(0,3) : ./logs/top/topModel.log49 
despacho(0,4) : ./logs/top/topModel.log50 
despacho(0,5) : ./logs/top/topModel.log51 
despacho(0,6) : ./logs/top/topModel.log52 
