[logfiles]
ParallelRoot : logs/inventario/inventario.log00 
top : logs/inventario/inventario.log38 
inventario : logs/inventario/inventario.log01 
inventario(0,0) : logs/inventario/inventario.log02 
inventario(0,1) : logs/inventario/inventario.log03 
inventario(0,2) : logs/inventario/inventario.log04 
inventario(0,3) : logs/inventario/inventario.log05 
inventario(0,4) : logs/inventario/inventario.log06 
inventario(0,5) : logs/inventario/inventario.log07 
inventario(1,0) : logs/inventario/inventario.log08 
inventario(1,1) : logs/inventario/inventario.log09 
inventario(1,2) : logs/inventario/inventario.log10 
inventario(1,3) : logs/inventario/inventario.log11 
inventario(1,4) : logs/inventario/inventario.log12 
inventario(1,5) : logs/inventario/inventario.log13 
inventario(2,0) : logs/inventario/inventario.log14 
inventario(2,1) : logs/inventario/inventario.log15 
inventario(2,2) : logs/inventario/inventario.log16 
inventario(2,3) : logs/inventario/inventario.log17 
inventario(2,4) : logs/inventario/inventario.log18 
inventario(2,5) : logs/inventario/inventario.log19 
inventario(3,0) : logs/inventario/inventario.log20 
inventario(3,1) : logs/inventario/inventario.log21 
inventario(3,2) : logs/inventario/inventario.log22 
inventario(3,3) : logs/inventario/inventario.log23 
inventario(3,4) : logs/inventario/inventario.log24 
inventario(3,5) : logs/inventario/inventario.log25 
inventario(4,0) : logs/inventario/inventario.log26 
inventario(4,1) : logs/inventario/inventario.log27 
inventario(4,2) : logs/inventario/inventario.log28 
inventario(4,3) : logs/inventario/inventario.log29 
inventario(4,4) : logs/inventario/inventario.log30 
inventario(4,5) : logs/inventario/inventario.log31 
inventario(5,0) : logs/inventario/inventario.log32 
inventario(5,1) : logs/inventario/inventario.log33 
inventario(5,2) : logs/inventario/inventario.log34 
inventario(5,3) : logs/inventario/inventario.log35 
inventario(5,4) : logs/inventario/inventario.log36 
inventario(5,5) : logs/inventario/inventario.log37 
